0 verbose cli C:\Program Files\node.exe C:\Program Files\node_modules\npm\bin\npm-cli.js
1 info using npm@10.9.2
2 info using node@v22.17.0
3 silly config load:file:C:\Program Files\node_modules\npm\npmrc
4 silly config load:file:c:\Users\Usuário\Documents\EBAC\python\projeto 05\projeto-aula\minhas-tarefas\.npmrc
5 silly config load:file:C:\Users\Usuário\.npmrc
6 silly config load:file:C:\Users\Usuário\AppData\Roaming\npm\etc\npmrc
7 verbose title npm view @types/styled-components description dist-tags.latest homepage version time
8 verbose argv "view" "--json" "--" "@types/styled-components" "description" "dist-tags.latest" "homepage" "version" "time"
9 verbose logfile logs-max:10 dir:C:\Users\Usuário\Documents\EBAC\python\projeto 05\projeto-aula\minhas-tarefas\UsersDESKTOP-U9J66QUAppDataLocalnpm-cache\_logs\2025-07-07T23_09_54_412Z-
10 verbose logfile C:\Users\Usuário\Documents\EBAC\python\projeto 05\projeto-aula\minhas-tarefas\UsersDESKTOP-U9J66QUAppDataLocalnpm-cache\_logs\2025-07-07T23_09_54_412Z-debug-0.log
11 silly logfile start cleaning logs, removing 4 files
12 silly logfile done cleaning log files
13 http fetch GET 200 https://registry.npmjs.org/@types%2fstyled-components 494ms (cache revalidated)
14 verbose cwd c:\Users\Usuário\Documents\EBAC\python\projeto 05\projeto-aula\minhas-tarefas
15 verbose os Windows_NT 10.0.19045
16 verbose node v22.17.0
17 verbose npm  v10.9.2
18 verbose exit 0
19 info ok
